read : DATA\KS4128.DAT
read successful
info : jmc coordinate num = 1032
info : jmc coordinate max = (3360000, 80224)
output jmc coordinate list
info : convert JMC to graph
line[0].count = 878
line[1].count = 878
line[2].count = 878
line[3].count = 878
line[4].count = 878
line[5].count = 878
line[6].count = 878
line[7].count = 878
line[8].count = 878
line[9].count = 878
line[10].count = 878
line[11].count = 878
line[12].count = 878
line[13].count = 878
line[14].count = 878
line[15].count = 878
line[16].count = 878
line[17].count = 878
line[18].count = 878
line[19].count = 878
line[20].count = 878
line[21].count = 878
line[22].count = 878
line[23].count = 878
line[24].count = 878
line[25].count = 878
line[26].count = 878
line[27].count = 878
line[28].count = 878
line[29].count = 878
line[30].count = 878
line[31].count = 878
line[32].count = 878
line[33].count = 878
line[34].count = 878
line[35].count = 878
line[36].count = 878
line[37].count = 878
line[38].count = 878
line[39].count = 878
line[40].count = 878
line[41].count = 878
line[42].count = 878
line[43].count = 878
line[44].count = 878
line[45].count = 878
line[46].count = 878
line[47].count = 878
line[48].count = 878
line[49].count = 878
line[50].count = 878
line[51].count = 878
line[52].count = 878
line[53].count = 878
line[54].count = 878
line[55].count = 878
line[56].count = 878
line[57].count = 878
line[58].count = 878
line[59].count = 878
line[60].count = 878
line[61].count = 878
line[62].count = 878
line[63].count = 878
line[64].count = 878
line[65].count = 878
line[66].count = 878
line[67].count = 878
line[68].count = 878
line[69].count = 878
line[70].count = 878
line[71].count = 878
line[72].count = 878
line[73].count = 878
line[74].count = 878
line[75].count = 878
line[76].count = 878
line[77].count = 878
line[78].count = 878
line[79].count = 878
line[80].count = 878
line[81].count = 878
line[82].count = 878
line[83].count = 878
line[84].count = 878
line[85].count = 878
line[86].count = 878
line[87].count = 878
line[88].count = 878
line[89].count = 878
line[90].count = 878
line[91].count = 878
line[92].count = 878
line[93].count = 878
line[94].count = 878
line[95].count = 878
line[96].count = 878
line[97].count = 878
line[98].count = 878
line[99].count = 878
line[100].count = 878
line[101].count = 878
line[102].count = 878
line[103].count = 878
line[104].count = 878
line[105].count = 878
line[106].count = 878
line[107].count = 878
line[108].count = 878
line[109].count = 878
line[110].count = 878
line[111].count = 878
line[112].count = 878
line[113].count = 878
line[114].count = 878
line[115].count = 878
line[116].count = 878
line[117].count = 878
line[118].count = 878
line[119].count = 878
line[120].count = 878
line[121].count = 878
line[122].count = 878
line[123].count = 878
line[124].count = 878
line[125].count = 878
line[126].count = 878
line[127].count = 878
line[128].count = 878
line[129].count = 878
line[130].count = 878
line[131].count = 878
line[132].count = 878
line[133].count = 878
line[134].count = 878
line[135].count = 878
line[136].count = 878
line[137].count = 878
line[138].count = 878
line[139].count = 878
line[140].count = 878
line[141].count = 878
line[142].count = 878
line[143].count = 878
line[144].count = 878
line[145].count = 878
line[146].count = 878
line[147].count = 878
line[148].count = 878
line[149].count = 878
line[150].count = 878
line[151].count = 878
line[152].count = 878
line[153].count = 878
line[154].count = 878
line[155].count = 878
line[156].count = 878
line[157].count = 878
line[158].count = 878
line[159].count = 878
line[160].count = 878
line[161].count = 878
line[162].count = 878
line[163].count = 878
line[164].count = 878
line[165].count = 878
line[166].count = 878
line[167].count = 878
line[168].count = 878
line[169].count = 878
line[170].count = 878
line[171].count = 878
line[172].count = 878
line[173].count = 878
line[174].count = 878
line[175].count = 878
line[176].count = 878
line[177].count = 878
line[178].count = 878
line[179].count = 878
line[180].count = 878
line[181].count = 878
line[182].count = 878
line[183].count = 878
line[184].count = 878
line[185].count = 878
line[186].count = 878
line[187].count = 878
line[188].count = 878
line[189].count = 878
line[190].count = 878
line[191].count = 878
line[192].count = 878
line[193].count = 878
line[194].count = 878
line[195].count = 878
line[196].count = 878
line[197].count = 878
line[198].count = 878
line[199].count = 878
line[200].count = 878
line[201].count = 878
line[202].count = 878
line[203].count = 878
line[204].count = 878
line[205].count = 878
line[206].count = 878
line[207].count = 878
line[208].count = 878
line[209].count = 878
line[210].count = 878
line[211].count = 878
line[212].count = 878
line[213].count = 878
line[214].count = 878
line[215].count = 878
line[216].count = 878
line[217].count = 878
line[218].count = 878
line[219].count = 878
line[220].count = 878
line[221].count = 878
line[222].count = 878
line[223].count = 878
line[224].count = 878
line[225].count = 878
line[226].count = 878
line[227].count = 878
line[228].count = 878
line[229].count = 878
line[230].count = 878
line[231].count = 878
line[232].count = 878
line[233].count = 878
line[234].count = 878
line[235].count = 878
line[236].count = 878
line[237].count = 878
line[238].count = 878
line[239].count = 878
line[240].count = 878
line[241].count = 878
line[242].count = 878
line[243].count = 878
line[244].count = 878
line[245].count = 878
line[246].count = 878
line[247].count = 878
line[248].count = 878
line[249].count = 878
line[250].count = 878
line[251].count = 878
line[252].count = 878
line[253].count = 878
line[254].count = 878
line[255].count = 878
line[256].count = 878
line[257].count = 878
line[258].count = 878
line[259].count = 878
line[260].count = 878
line[261].count = 878
line[262].count = 878
line[263].count = 878
line[264].count = 878
line[265].count = 878
line[266].count = 878
line[267].count = 878
line[268].count = 878
line[269].count = 878
line[270].count = 878
line[271].count = 878
line[272].count = 878
line[273].count = 878
line[274].count = 878
line[275].count = 878
line[276].count = 878
line[277].count = 878
line[278].count = 878
line[279].count = 878
line[280].count = 878
line[281].count = 878
line[282].count = 878
line[283].count = 878
line[284].count = 878
line[285].count = 878
line[286].count = 878
line[287].count = 878
line[288].count = 878
line[289].count = 878
line[290].count = 878
line[291].count = 878
line[292].count = 878
line[293].count = 878
line[294].count = 878
line[295].count = 878
line[296].count = 878
line[297].count = 878
line[298].count = 878
line[299].count = 878
line[300].count = 878
line[301].count = 878
line[302].count = 878
line[303].count = 878
line[304].count = 878
line[305].count = 878
line[306].count = 878
line[307].count = 878
line[308].count = 878
line[309].count = 878
line[310].count = 878
line[311].count = 878
line[312].count = 878
line[313].count = 878
line[314].count = 878
line[315].count = 878
line[316].count = 878
line[317].count = 878
line[318].count = 878
line[319].count = 878
line[320].count = 878
line[321].count = 878
line[322].count = 878
line[323].count = 878
line[324].count = 878
line[325].count = 878
line[326].count = 878
line[327].count = 878
line[328].count = 878
line[329].count = 878
line[330].count = 878
line[331].count = 878
line[332].count = 878
line[333].count = 878
line[334].count = 878
line[335].count = 878
line[336].count = 878
line[337].count = 878
line[338].count = 878
line[339].count = 878
line[340].count = 878
line[341].count = 878
line[342].count = 878
line[343].count = 878
line[344].count = 878
line[345].count = 878
line[346].count = 878
line[347].count = 878
line[348].count = 878
line[349].count = 878
line[350].count = 878
line[351].count = 878
line[352].count = 878
line[353].count = 878
line[354].count = 878
line[355].count = 878
line[356].count = 878
line[357].count = 878
line[358].count = 878
line[359].count = 878
line[360].count = 878
line[361].count = 878
line[362].count = 878
line[363].count = 878
line[364].count = 878
line[365].count = 878
line[366].count = 878
line[367].count = 878
line[368].count = 878
line[369].count = 878
line[370].count = 878
line[371].count = 878
line[372].count = 878
line[373].count = 878
line[374].count = 878
line[375].count = 878
line[376].count = 878
line[377].count = 878
line[378].count = 878
line[379].count = 878
line[380].count = 878
line[381].count = 878
line[382].count = 878
line[383].count = 878
line[384].count = 878
line[385].count = 878
line[386].count = 878
line[387].count = 878
line[388].count = 878
line[389].count = 878
line[390].count = 878
line[391].count = 878
line[392].count = 878
line[393].count = 878
line[394].count = 878
line[395].count = 878
line[396].count = 878
line[397].count = 878
line[398].count = 878
line[399].count = 878
line[400].count = 878
line[401].count = 878
line[402].count = 878
line[403].count = 878
line[404].count = 878
line[405].count = 878
line[406].count = 878
line[407].count = 878
line[408].count = 878
line[409].count = 878
line[410].count = 878
line[411].count = 878
line[412].count = 878
line[413].count = 878
line[414].count = 878
line[415].count = 878
line[416].count = 878
line[417].count = 878
line[418].count = 878
line[419].count = 878
line[420].count = 878
line[421].count = 878
line[422].count = 878
line[423].count = 878
line[424].count = 878
line[425].count = 878
line[426].count = 878
line[427].count = 878
line[428].count = 878
line[429].count = 878
line[430].count = 878
line[431].count = 878
line[432].count = 878
line[433].count = 878
line[434].count = 878
line[435].count = 878
line[436].count = 878
line[437].count = 878
line[438].count = 878
line[439].count = 878
line[440].count = 878
line[441].count = 878
line[442].count = 878
line[443].count = 878
line[444].count = 878
line[445].count = 878
line[446].count = 878
line[447].count = 878
line[448].count = 878
line[449].count = 878
line[450].count = 878
line[451].count = 878
line[452].count = 878
line[453].count = 878
line[454].count = 878
line[455].count = 878
line[456].count = 878
line[457].count = 878
line[458].count = 878
line[459].count = 878
line[460].count = 878
line[461].count = 878
line[462].count = 878
line[463].count = 878
line[464].count = 878
line[465].count = 878
line[466].count = 878
line[467].count = 878
line[468].count = 878
line[469].count = 878
line[470].count = 878
line[471].count = 878
line[472].count = 878
line[473].count = 878
line[474].count = 878
line[475].count = 878
line[476].count = 878
line[477].count = 878
line[478].count = 878
line[479].count = 878
line[480].count = 878
line[481].count = 878
line[482].count = 878
line[483].count = 878
line[484].count = 878
line[485].count = 878
line[486].count = 878
line[487].count = 878
line[488].count = 878
line[489].count = 878
line[490].count = 878
line[491].count = 878
line[492].count = 878
line[493].count = 878
line[494].count = 878
line[495].count = 878
line[496].count = 878
line[497].count = 878
line[498].count = 878
line[499].count = 878
line[500].count = 878
line[501].count = 878
line[502].count = 878
line[503].count = 878
line[504].count = 878
line[505].count = 878
line[506].count = 878
line[507].count = 878
line[508].count = 878
line[509].count = 878
line[510].count = 878
line[511].count = 878
line[512].count = 878
line[513].count = 878
line[514].count = 878
line[515].count = 878
line[516].count = 878
line[517].count = 878
line[518].count = 878
line[519].count = 878
line[520].count = 878
line[521].count = 878
line[522].count = 878
line[523].count = 878
line[524].count = 878
line[525].count = 878
line[526].count = 878
line[527].count = 878
line[528].count = 878
line[529].count = 878
line[530].count = 878
line[531].count = 878
line[532].count = 878
line[533].count = 878
line[534].count = 878
line[535].count = 878
line[536].count = 878
line[537].count = 878
line[538].count = 878
line[539].count = 878
line[540].count = 878
line[541].count = 878
line[542].count = 878
line[543].count = 878
line[544].count = 878
line[545].count = 878
line[546].count = 878
line[547].count = 878
line[548].count = 878
line[549].count = 878
line[550].count = 878
line[551].count = 878
line[552].count = 878
line[553].count = 878
line[554].count = 878
line[555].count = 878
line[556].count = 878
line[557].count = 878
line[558].count = 878
line[559].count = 878
line[560].count = 878
line[561].count = 878
line[562].count = 878
line[563].count = 878
line[564].count = 878
line[565].count = 878
line[566].count = 878
line[567].count = 878
line[568].count = 878
line[569].count = 878
line[570].count = 878
line[571].count = 878
line[572].count = 878
line[573].count = 878
line[574].count = 878
line[575].count = 878
line[576].count = 878
line[577].count = 878
line[578].count = 878
line[579].count = 878
line[580].count = 878
line[581].count = 878
line[582].count = 878
line[583].count = 878
line[584].count = 878
line[585].count = 878
line[586].count = 878
line[587].count = 878
line[588].count = 878
line[589].count = 878
line[590].count = 878
line[591].count = 878
line[592].count = 878
line[593].count = 878
line[594].count = 878
line[595].count = 878
line[596].count = 878
line[597].count = 878
line[598].count = 878
line[599].count = 878
line[600].count = 878
line[601].count = 878
line[602].count = 878
line[603].count = 878
line[604].count = 878
line[605].count = 878
line[606].count = 878
line[607].count = 878
line[608].count = 878
line[609].count = 878
line[610].count = 878
line[611].count = 878
line[612].count = 878
line[613].count = 878
line[614].count = 878
line[615].count = 878
line[616].count = 878
line[617].count = 878
line[618].count = 878
line[619].count = 878
line[620].count = 878
line[621].count = 878
line[622].count = 878
line[623].count = 878
line[624].count = 878
line[625].count = 878
line[626].count = 878
line[627].count = 878
line[628].count = 878
line[629].count = 878
line[630].count = 878
line[631].count = 878
line[632].count = 878
line[633].count = 878
line[634].count = 878
line[635].count = 878
line[636].count = 878
line[637].count = 878
line[638].count = 878
line[639].count = 878
line[640].count = 878
line[641].count = 878
line[642].count = 878
line[643].count = 878
line[644].count = 878
line[645].count = 878
line[646].count = 878
line[647].count = 878
line[648].count = 878
line[649].count = 878
line[650].count = 878
line[651].count = 878
line[652].count = 878
line[653].count = 878
line[654].count = 878
line[655].count = 878
line[656].count = 878
line[657].count = 878
line[658].count = 878
line[659].count = 878
line[660].count = 878
line[661].count = 878
line[662].count = 878
line[663].count = 878
line[664].count = 878
line[665].count = 878
line[666].count = 878
line[667].count = 878
line[668].count = 878
line[669].count = 878
line[670].count = 878
line[671].count = 878
line[672].count = 878
line[673].count = 878
line[674].count = 878
line[675].count = 878
line[676].count = 878
line[677].count = 878
line[678].count = 878
line[679].count = 878
line[680].count = 878
line[681].count = 878
line[682].count = 878
line[683].count = 878
line[684].count = 878
line[685].count = 878
line[686].count = 878
line[687].count = 878
line[688].count = 878
line[689].count = 878
line[690].count = 878
line[691].count = 878
line[692].count = 878
line[693].count = 878
line[694].count = 878
line[695].count = 878
line[696].count = 878
line[697].count = 878
line[698].count = 878
line[699].count = 878
line[700].count = 878
line[701].count = 878
line[702].count = 878
line[703].count = 878
line[704].count = 878
line[705].count = 878
line[706].count = 878
line[707].count = 878
line[708].count = 878
line[709].count = 878
line[710].count = 878
line[711].count = 878
line[712].count = 878
line[713].count = 878
line[714].count = 878
line[715].count = 878
line[716].count = 878
line[717].count = 878
line[718].count = 878
line[719].count = 878
line[720].count = 878
line[721].count = 878
line[722].count = 878
line[723].count = 878
line[724].count = 878
line[725].count = 878
line[726].count = 878
line[727].count = 878
line[728].count = 878
line[729].count = 878
line[730].count = 878
line[731].count = 878
line[732].count = 878
line[733].count = 878
line[734].count = 878
line[735].count = 878
line[736].count = 878
line[737].count = 878
line[738].count = 878
line[739].count = 878
line[740].count = 878
line[741].count = 878
line[742].count = 878
line[743].count = 878
line[744].count = 878
line[745].count = 878
line[746].count = 878
line[747].count = 878
line[748].count = 878
line[749].count = 878
line[750].count = 878
line[751].count = 878
line[752].count = 878
line[753].count = 878
line[754].count = 878
line[755].count = 878
line[756].count = 878
line[757].count = 878
line[758].count = 878
line[759].count = 878
line[760].count = 878
line[761].count = 878
line[762].count = 878
line[763].count = 878
line[764].count = 878
line[765].count = 878
line[766].count = 878
line[767].count = 878
line[768].count = 878
line[769].count = 878
line[770].count = 878
line[771].count = 878
line[772].count = 878
line[773].count = 878
line[774].count = 878
line[775].count = 878
line[776].count = 878
line[777].count = 878
line[778].count = 878
line[779].count = 878
line[780].count = 878
line[781].count = 878
line[782].count = 878
line[783].count = 878
line[784].count = 878
line[785].count = 878
line[786].count = 878
line[787].count = 878
line[788].count = 878
line[789].count = 878
line[790].count = 878
line[791].count = 878
line[792].count = 878
line[793].count = 878
line[794].count = 878
line[795].count = 878
line[796].count = 878
line[797].count = 878
line[798].count = 878
line[799].count = 878
line[800].count = 878
line[801].count = 878
line[802].count = 878
line[803].count = 878
line[804].count = 878
line[805].count = 878
line[806].count = 878
line[807].count = 878
line[808].count = 878
line[809].count = 878
line[810].count = 878
line[811].count = 878
line[812].count = 878
line[813].count = 878
line[814].count = 878
line[815].count = 878
line[816].count = 878
line[817].count = 878
line[818].count = 878
line[819].count = 878
line[820].count = 878
line[821].count = 878
line[822].count = 878
line[823].count = 878
line[824].count = 878
line[825].count = 878
line[826].count = 878
line[827].count = 878
line[828].count = 878
line[829].count = 878
line[830].count = 878
line[831].count = 878
line[832].count = 878
line[833].count = 878
line[834].count = 878
line[835].count = 878
line[836].count = 878
line[837].count = 878
line[838].count = 878
line[839].count = 878
line[840].count = 878
line[841].count = 878
line[842].count = 878
line[843].count = 878
line[844].count = 878
line[845].count = 878
line[846].count = 878
line[847].count = 878
line[848].count = 878
line[849].count = 878
line[850].count = 878
line[851].count = 878
line[852].count = 878
line[853].count = 878
line[854].count = 878
line[855].count = 878
line[856].count = 878
line[857].count = 878
line[858].count = 878
line[859].count = 878
line[860].count = 878
line[861].count = 878
line[862].count = 878
line[863].count = 878
line[864].count = 878
line[865].count = 878
line[866].count = 878
line[867].count = 878
line[868].count = 878
line[869].count = 878
line[870].count = 878
line[871].count = 878
line[872].count = 878
line[873].count = 878
line[874].count = 878
line[875].count = 878
line[876].count = 878
line[877].count = 878
info : convert graph to csv
System.IO.IOException: 別のプロセスで使用されているため、プロセスはファイル 'C:\Users\Yamaura\Documents\Products\angled_dijkstra\JMC_csv_converter\JMC_csv_converter\bin\Release\adj.csv' にアクセスできません。
   場所 System.IO.__Error.WinIOError(Int32 errorCode, String maybeFullPath)
   場所 System.IO.FileStream.Init(String path, FileMode mode, FileAccess access, Int32 rights, Boolean useRights, FileShare share, Int32 bufferSize, FileOptions options, SECURITY_ATTRIBUTES secAttrs, String msgPath, Boolean bFromProxy, Boolean useLongPath, Boolean checkHost)
   場所 System.IO.FileStream..ctor(String path, FileMode mode, FileAccess access, FileShare share, Int32 bufferSize, FileOptions options, String msgPath, Boolean bFromProxy, Boolean useLongPath, Boolean checkHost)
   場所 System.IO.StreamWriter..ctor(String path, Boolean append, Encoding encoding, Int32 bufferSize, Boolean checkHost)
   場所 System.IO.StreamWriter..ctor(String path, Boolean append, Encoding encoding, Int32 bufferSize)
   場所 System.IO.StreamWriter..ctor(String path)
   場所 JMC_csv_converter.src.t_graph.to_csv(String _location_file_path, String _adjacency_file_path) 場所 c:\Users\Yamaura\Documents\Products\angled_dijkstra\JMC_csv_converter\JMC_csv_converter\src\t_graph.cs:行 188
   場所 JMC_csv_converter.src.main.Main(String[] args) 場所 c:\Users\Yamaura\Documents\Products\angled_dijkstra\JMC_csv_converter\JMC_csv_converter\src\main.cs:行 33
