read : DATA\KS5036.DAT
read successful
info : number of coordinate : 2986
info : convert JMC to graph
info : (2880933, 4046323)==(2880933, 4046323)
info : (2880794, 4046420)==(2880794, 4046420)
info : (2880794, 4046420)==(2880794, 4046420)
info : (2881703, 4048084)==(2881703, 4048084)
info : (2881440, 4049091)==(2881440, 4049091)
info : (2881440, 4049091)==(2881440, 4049091)
info : (2881921, 4049269)==(2881921, 4049269)
info : (2881440, 4049091)==(2881440, 4049091)
info : (2880645, 4047575)==(2880645, 4047575)
info : (2881703, 4048084)==(2881703, 4048084)
info : (2880645, 4047575)==(2880645, 4047575)
info : (2881703, 4048084)==(2881703, 4048084)
info : (2881009, 4049920)==(2881009, 4049920)
info : (2880570, 4045742)==(2880570, 4045742)
info : (2880933, 4046323)==(2880933, 4046323)
info : (2880165, 4046556)==(2880165, 4046556)
info : (2880165, 4046556)==(2880165, 4046556)
info : (2880744, 4046448)==(2880744, 4046448)
info : (2880227, 4046463)==(2880227, 4046463)
info : (2880570, 4045742)==(2880570, 4045742)
info : (2880227, 4046463)==(2880227, 4046463)
info : (2880165, 4046556)==(2880165, 4046556)
info : (2881921, 4049269)==(2881921, 4049269)
info : (2881009, 4049920)==(2881009, 4049920)
info : (2884642, 4058780)==(2884642, 4058780)
info : (2884592, 4058520)==(2884592, 4058520)
info : (2883087, 4059206)==(2883087, 4059206)
info : (2883007, 4059018)==(2883007, 4059018)
info : (2881054, 4057785)==(2881054, 4057785)
info : (2880204, 4054046)==(2880204, 4054046)
info : (2883622, 4058888)==(2883622, 4058888)
info : (2883622, 4058888)==(2883622, 4058888)
info : (2883885, 4059045)==(2883885, 4059045)
info : (2884064, 4058747)==(2884064, 4058747)
info : (2884592, 4058520)==(2884592, 4058520)
info : (2884064, 4058747)==(2884064, 4058747)
info : (2884125, 4058916)==(2884125, 4058916)
info : (2884064, 4058747)==(2884064, 4058747)
info : (2884125, 4058916)==(2884125, 4058916)
info : (2884569, 4058822)==(2884569, 4058822)
info : (2884569, 4058822)==(2884569, 4058822)
info : (2881396, 4054996)==(2881396, 4054996)
info : (2881014, 4054361)==(2881014, 4054361)
info : (2881396, 4054996)==(2881396, 4054996)
info : (2882001, 4055137)==(2882001, 4055137)
info : (2883519, 4055864)==(2883519, 4055864)
info : (2883645, 4055792)==(2883645, 4055792)
info : (2883519, 4055864)==(2883519, 4055864)
info : (2883645, 4055792)==(2883645, 4055792)
info : (2883519, 4055864)==(2883519, 4055864)
info : (2883302, 4055197)==(2883302, 4055197)
info : (2883302, 4055197)==(2883302, 4055197)
info : (2883460, 4055163)==(2883460, 4055163)
info : (2880481, 4058683)==(2880481, 4058683)
info : (2880481, 4058683)==(2880481, 4058683)
info : (2880601, 4058619)==(2880601, 4058619)
info : (2880601, 4058619)==(2880601, 4058619)
info : (2880687, 4058379)==(2880687, 4058379)
info : (2880687, 4058379)==(2880687, 4058379)
info : (2881054, 4057785)==(2881054, 4057785)
info : (2881054, 4057785)==(2881054, 4057785)
info : (2881164, 4057409)==(2881164, 4057409)
info : (2881164, 4057409)==(2881164, 4057409)
info : (2882001, 4055137)==(2882001, 4055137)
info : (2882067, 4050000)==(2882067, 4050000)
info : (2883460, 4055163)==(2883460, 4055163)
info : (2880994, 4050000)==(2880994, 4050000)
info : (2883007, 4059018)==(2883007, 4059018)
info : (2884642, 4058780)==(2884642, 4058780)
info : (2883087, 4059206)==(2883087, 4059206)
info : (2883885, 4059045)==(2883885, 4059045)
info : (2882030, 4066579)==(2882030, 4066579)
info : (2882074, 4066785)==(2882074, 4066785)
info : (2889045, 4066595)==(2889045, 4066595)
info : (2880244, 4061450)==(2880244, 4061450)
info : (2880028, 4061856)==(2880028, 4061856)
info : (2884388, 4064335)==(2884388, 4064335)
info : (2884388, 4064335)==(2884388, 4064335)
info : (2887800, 4066097)==(2887800, 4066097)
info : (2886534, 4064417)==(2886534, 4064417)
info : (2886948, 4064036)==(2886948, 4064036)
info : (2881561, 4061040)==(2881561, 4061040)
info : (2881670, 4061104)==(2881670, 4061104)
info : (2887600, 4065958)==(2887600, 4065958)
info : (2887230, 4065315)==(2887230, 4065315)
info : (2885243, 4064480)==(2885243, 4064480)
info : (2885333, 4064498)==(2885333, 4064498)
info : (2881028, 4061077)==(2881028, 4061077)
info : (2881180, 4061010)==(2881180, 4061010)
info : (2881252, 4060982)==(2881252, 4060982)
info : (2889469, 4067541)==(2889469, 4067541)
info : (2889469, 4067541)==(2889469, 4067541)
info : (2889363, 4066981)==(2889363, 4066981)
info : (2888985, 4066561)==(2888985, 4066561)
info : (2888604, 4066387)==(2888604, 4066387)
info : (2888604, 4066387)==(2888604, 4066387)
info : (2888570, 4066459)==(2888570, 4066459)
info : (2888985, 4066561)==(2888985, 4066561)
info : (2888570, 4066459)==(2888570, 4066459)
info : (2888009, 4065932)==(2888009, 4065932)
info : (2888118, 4065844)==(2888118, 4065844)
info : (2888009, 4065932)==(2888009, 4065932)
info : (2888166, 4066320)==(2888166, 4066320)
info : (2888166, 4066320)==(2888166, 4066320)
info : (2888422, 4066476)==(2888422, 4066476)
info : (2888422, 4066476)==(2888422, 4066476)
info : (2887704, 4066177)==(2887704, 4066177)
info : (2888409, 4066214)==(2888409, 4066214)
info : (2888570, 4066459)==(2888570, 4066459)
info : (2888409, 4066214)==(2888409, 4066214)
info : (2888430, 4066168)==(2888430, 4066168)
info : (2888430, 4066168)==(2888430, 4066168)
info : (2888118, 4065844)==(2888118, 4065844)
info : (2887380, 4064679)==(2887380, 4064679)
info : (2886948, 4064036)==(2886948, 4064036)
info : (2887380, 4064679)==(2887380, 4064679)
info : (2887043, 4065035)==(2887043, 4065035)
info : (2887043, 4065035)==(2887043, 4065035)
info : (2886534, 4064417)==(2886534, 4064417)
info : (2885868, 4063141)==(2885868, 4063141)
info : (2885868, 4063141)==(2885868, 4063141)
info : (2886381, 4062981)==(2886381, 4062981)
info : (2886381, 4062981)==(2886381, 4062981)
info : (2884392, 4063246)==(2884392, 4063246)
info : (2884392, 4063246)==(2884392, 4063246)
info : (2885570, 4062793)==(2885570, 4062793)
info : (2885570, 4062793)==(2885570, 4062793)
info : (2884288, 4061763)==(2884288, 4061763)
info : (2886171, 4064634)==(2886171, 4064634)
info : (2886534, 4064417)==(2886534, 4064417)
info : (2886171, 4064634)==(2886171, 4064634)
info : (2887043, 4065035)==(2887043, 4065035)
info : (2883346, 4063833)==(2883346, 4063833)
info : (2884388, 4064335)==(2884388, 4064335)
info : (2883346, 4063833)==(2883346, 4063833)
info : (2883998, 4062799)==(2883998, 4062799)
info : (2884564, 4060690)==(2884564, 4060690)
info : (2885334, 4060544)==(2885334, 4060544)
info : (2887704, 4066177)==(2887704, 4066177)
info : (2887800, 4066097)==(2887800, 4066097)
info : (2883998, 4062799)==(2883998, 4062799)
info : (2884150, 4062111)==(2884150, 4062111)
info : (2884150, 4062111)==(2884150, 4062111)
info : (2884261, 4061862)==(2884261, 4061862)
info : (2884261, 4061862)==(2884261, 4061862)
info : (2884288, 4061763)==(2884288, 4061763)
info : (2889661, 4068202)==(2889661, 4068202)
info : (2889620, 4067699)==(2889620, 4067699)
info : (2881670, 4061104)==(2881670, 4061104)
info : (2882002, 4060000)==(2882002, 4060000)
info : (2885334, 4060544)==(2885334, 4060544)
info : (2885112, 4060000)==(2885112, 4060000)
info : (2884288, 4061763)==(2884288, 4061763)
info : (2883163, 4060000)==(2883163, 4060000)
info : (2884564, 4060690)==(2884564, 4060690)
info : (2884093, 4060000)==(2884093, 4060000)
info : (2889661, 4068202)==(2889661, 4068202)
info : (2889620, 4067699)==(2889620, 4067699)
info : (2885778, 4068534)==(2885778, 4068534)
info : (2885778, 4068534)==(2885778, 4068534)
info : (2890801, 4067921)==(2890801, 4067921)
info : (2890877, 4067936)==(2890877, 4067936)
info : (2890877, 4067936)==(2890877, 4067936)
info : (2891815, 4069619)==(2891815, 4069619)
info : (2891114, 4068263)==(2891114, 4068263)
info : (2891156, 4068194)==(2891156, 4068194)
info : (2891156, 4068194)==(2891156, 4068194)
info : (2891114, 4068263)==(2891114, 4068263)
info : (2890000, 4067409)==(2890000, 4067409)
info : (2890801, 4067921)==(2890801, 4067921)
info : (2891915, 4069786)==(2891915, 4069786)
info : (2888107, 4073080)==(2888107, 4073080)
info : (2884055, 4070781)==(2884055, 4070781)
info : (2883426, 4077679)==(2883426, 4077679)
info : (2886559, 4072470)==(2886559, 4072470)
info : (2887604, 4071909)==(2887604, 4071909)
info : (2880439, 4074153)==(2880439, 4074153)
info : (2880498, 4074800)==(2880498, 4074800)
info : (2880439, 4074153)==(2880439, 4074153)
info : (2887934, 4072857)==(2887934, 4072857)
info : (2887604, 4071909)==(2887604, 4071909)
info : (2882431, 4076867)==(2882431, 4076867)
info : (2887758, 4071574)==(2887758, 4071574)
info : (2887706, 4071187)==(2887706, 4071187)
info : (2887985, 4072933)==(2887985, 4072933)
info : (2887934, 4072857)==(2887934, 4072857)
info : (2885750, 4074117)==(2885750, 4074117)
info : (2886559, 4072470)==(2886559, 4072470)
info : (2883271, 4077781)==(2883271, 4077781)
info : (2883426, 4077679)==(2883426, 4077679)
info : (2880328, 4074843)==(2880328, 4074843)
info : (2880302, 4074718)==(2880302, 4074718)
info : (2881364, 4075862)==(2881364, 4075862)
info : (2880498, 4074800)==(2880498, 4074800)
info : (2881364, 4075862)==(2881364, 4075862)
info : (2880603, 4073555)==(2880603, 4073555)
info : (2880603, 4073555)==(2880603, 4073555)
info : (2883140, 4072257)==(2883140, 4072257)
info : (2883206, 4072167)==(2883206, 4072167)
info : (2883140, 4072257)==(2883140, 4072257)
info : (2884309, 4070242)==(2884309, 4070242)
info : (2883284, 4077424)==(2883284, 4077424)
info : (2882649, 4077061)==(2882649, 4077061)
info : (2883284, 4077424)==(2883284, 4077424)
info : (2884114, 4077700)==(2884114, 4077700)
info : (2884114, 4077700)==(2884114, 4077700)
info : (2885739, 4074197)==(2885739, 4074197)
info : (2889813, 4078650)==(2889813, 4078650)
info : (2888615, 4074176)==(2888615, 4074176)
info : (2888107, 4073080)==(2888107, 4073080)
info : (2887758, 4071574)==(2887758, 4071574)
info : (2889612, 4073019)==(2889612, 4073019)
info : (2889551, 4072989)==(2889551, 4072989)
info : (2880855, 4079905)==(2880855, 4079905)
info : (2882405, 4079031)==(2882405, 4079031)
info : (2882405, 4079031)==(2882405, 4079031)
info : (2882470, 4078891)==(2882470, 4078891)
info : (2882480, 4078836)==(2882480, 4078836)
info : (2882698, 4078734)==(2882698, 4078734)
info : (2882698, 4078734)==(2882698, 4078734)
info : (2883207, 4077823)==(2883207, 4077823)
info : (2888636, 4072961)==(2888636, 4072961)
info : (2889551, 4072989)==(2889551, 4072989)
info : (2889551, 4072989)==(2889551, 4072989)
info : (2888636, 4072961)==(2888636, 4072961)
info : (2887985, 4072933)==(2887985, 4072933)
info : (2888636, 4072961)==(2888636, 4072961)
info : (2887598, 4070798)==(2887598, 4070798)
info : (2888413, 4070000)==(2888413, 4070000)
info : (2884309, 4070242)==(2884309, 4070242)
info : (2884382, 4070000)==(2884382, 4070000)
info : (2886708, 4070000)==(2886708, 4070000)
info : (2889612, 4073019)==(2889612, 4073019)
info : (2889813, 4078650)==(2889813, 4078650)
info : (2888615, 4074176)==(2888615, 4074176)
info : (2891396, 4078742)==(2891396, 4078742)
info : (2890000, 4078604)==(2890000, 4078604)
info : (2894178, 4071560)==(2894178, 4071560)
info : (2892177, 4079503)==(2892177, 4079503)
info : (2892304, 4079716)==(2892304, 4079716)
info : (2896416, 4075161)==(2896416, 4075161)
info : (2898161, 4073584)==(2898161, 4073584)
info : (2898066, 4073433)==(2898066, 4073433)
info : (2891688, 4078822)==(2891688, 4078822)
info : (2891897, 4078948)==(2891897, 4078948)
info : (2892177, 4079503)==(2892177, 4079503)
info : (2894308, 4071998)==(2894308, 4071998)
info : (2894572, 4072405)==(2894572, 4072405)
info : (2894569, 4072502)==(2894569, 4072502)
info : (2894525, 4072904)==(2894525, 4072904)
info : (2895765, 4072642)==(2895765, 4072642)
info : (2895765, 4072642)==(2895765, 4072642)
info : (2894753, 4072337)==(2894753, 4072337)
info : (2894525, 4072904)==(2894525, 4072904)
info : (2893015, 4077375)==(2893015, 4077375)
info : (2895348, 4076559)==(2895348, 4076559)
info : (2897705, 4075938)==(2897705, 4075938)
info : (2896416, 4075161)==(2896416, 4075161)
info : (2897419, 4075961)==(2897419, 4075961)
info : (2895348, 4076559)==(2895348, 4076559)
info : (2892026, 4070000)==(2892026, 4070000)
info : (2891907, 4071221)==(2891907, 4071221)
info : (2890000, 4072768)==(2890000, 4072768)
info : (2891907, 4071221)==(2891907, 4071221)
info : (2890000, 4079673)==(2890000, 4079673)
info : (2890000, 4079534)==(2890000, 4079534)
info : (2890000, 4079128)==(2890000, 4079128)
info : (2890000, 4075360)==(2890000, 4075360)
info : (2893015, 4077375)==(2893015, 4077375)
info : (2899969, 4078126)==(2899969, 4078126)
info : (2899969, 4078126)==(2899969, 4078126)
info : (2900449, 4079311)==(2900449, 4079311)
info : (2900449, 4079311)==(2900449, 4079311)
info : (2900100, 4078207)==(2900100, 4078207)
info : (2900100, 4078207)==(2900100, 4078207)
info : (2900000, 4078125)==(2900000, 4078125)
info : (2900000, 4078143)==(2900000, 4078143)
info : (2900100, 4078207)==(2900100, 4078207)
info : convert graph to csv
convert successful
